<?xml version="1.0" encoding="UTF-8"?>
<testsuite xmlns:xsi="http://www.w3.org/2001/XMLSchema-instance" xsi:noNamespaceSchemaLocation="https://maven.apache.org/surefire/maven-surefire-plugin/xsd/surefire-test-report.xsd" name="MyTest" time="0.057" tests="29" errors="0" skipped="0" failures="0">
  <properties>
[...]
</properties>
  <testcase name="test2_BaccaratGameLogic_handTotal" classname="MyTest" time="0.022"/>
  <testcase name="test2_BaccaratDealer_generateDeck" classname="MyTest" time="0.001"/>
  <testcase name="test2_BaccaratGame_startGame" classname="MyTest" time="0.003"/>
  <testcase name="test2_BaccaratDealer_drawOne" classname="MyTest" time="0.002"/>
  <testcase name="test_BaccaratDealer_shuffleDeck" classname="MyTest" time="0.001"/>
  <testcase name="test2_BaccaratGameLogic_evaluateBankerDraw" classname="MyTest" time="0.001"/>
  <testcase name="test2_BaccaratGame_BankerPoints" classname="MyTest" time="0"/>
  <testcase name="test2_BaccaratDealer_dealHand" classname="MyTest" time="0"/>
  <testcase name="test2_BaccaratDealer_deckSize" classname="MyTest" time="0"/>
  <testcase name="test2_BaccaratGame_getBet" classname="MyTest" time="0"/>
  <testcase name="test2_BaccaratGameLogic_WhoWon" classname="MyTest" time="0"/>
  <testcase name="test_BaccaratGame_BankerPoints" classname="MyTest" time="0"/>
  <testcase name="test_BaccaratGameLogic_WhoWon" classname="MyTest" time="0"/>
  <testcase name="test_BaccaratGameLogic_handTotal" classname="MyTest" time="0"/>
  <testcase name="test2_BaccaratGameLogic_evaluatePlayerDraw" classname="MyTest" time="0"/>
  <testcase name="test_BaccaratDealer_generateDeck" classname="MyTest" time="0"/>
  <testcase name="test_BaccaratDealer_dealHand" classname="MyTest" time="0.01"/>
  <testcase name="test_BaccaratDealer_deckSize" classname="MyTest" time="0"/>
  <testcase name="test_BaccaratGameLogic_evaluateBankerDraw" classname="MyTest" time="0"/>
  <testcase name="test_BaccaratGame_startGame" classname="MyTest" time="0"/>
  <testcase name="test2_BaccaratGame_PlayerPoints" classname="MyTest" time="0.003"/>
  <testcase name="test_BaccaratDealer_drawOne" classname="MyTest" time="0.001"/>
  <testcase name="test_Card_Constructor" classname="MyTest" time="0.001"/>
  <testcase name="test_BaccaratGame_evaluateWinnings" classname="MyTest" time="0"/>
  <testcase name="test2_BaccaratDealer_shuffleDeck" classname="MyTest" time="0"/>
  <testcase name="test2_BaccaratGame_evaluateWinnings" classname="MyTest" time="0"/>
  <testcase name="test_BaccaratGame_getBet" classname="MyTest" time="0"/>
  <testcase name="test_BaccaratGame_PlayerPoints" classname="MyTest" time="0"/>
  <testcase name="test_BaccaratGameLogic_evaluatePlayerDraw" classname="MyTest" time="0"/>
</testsuite>